In ft_memset.c:
	Expected: ['void*', 'ft_memset', 'void*', 's,', 'int', 'c,', 'size_t', 'n']
	Delivered: ['void*', 'ft_memset', 'void*', 'b,', 'int', 'c,', 'size_t', 'len']
In ft_memcpy.c:
	Expected: ['void*', 'ft_memcpy', 'void*', 'dest,', 'const', 'void*', 'src,', 'size_t', 'n']
	Delivered: ['void*', 'ft_memcpy', 'void*', 'dst,', 'const', 'void*', 'src,', 'size_t', 'n']
In ft_memmove.c:
	Expected: ['void*', 'ft_memmove', 'void*', 'dest,', 'const', 'void*', 'src,', 'size_t', 'n']
	Delivered: ['void*', 'ft_memmove', 'void*', 'dst,', 'const', 'void*', 'src,', 'size_t', 'len']
In ft_strlcat.c:
	Expected: ['size_t', 'ft_strlcat', 'char*', 'dst,', 'const', 'char*', 'src,', 'size_t', 'size']
	Delivered: ['size_t', 'ft_strlcat', 'char*', 'dst,', 'const', 'char*', 'src,', 'size_t', 'dstsize']
In ft_strnstr.c:
	Expected: ['char*', 'ft_strnstr', 'const', 'char*', 'big,', 'const', 'char*', 'little,', 'size_t', 'len']
	Delivered: ['char*', 'ft_strnstr', 'const', 'char*', 'haystack,', 'const', 'char*', 'needle,', 'size_t', 'len']
In ft_atoi.c:
	Expected: ['int', 'ft_atoi', 'const', 'char*', 'nptr']
	Delivered: ['int', 'ft_atoi', 'const', 'char*', 'str']
In ft_calloc.c:
	Expected: ['void*', 'ft_calloc', 'size_t', 'nmemb,', 'size_t', 'size']
	Delivered: ['void*', 'ft_calloc', 'size_t', 'count,', 'size_t', 'size']
In ft_strdup.c:
	Expected: ['char*', 'ft_strdup', 'const', 'char*', 's']
	Delivered: ['char*', 'ft_strdup', 'const', 'char*', 's1']
In libft.h:
	Expected: ['void*', 'ft_memset', 'void*', 's,', 'int', 'c,', 'size_t', 'n']
	Delivered: ['void*', 'ft_memset', 'void*', 'b,', 'int', 'c,', 'size_t', 'len']
In libft.h:
	Expected: ['void*', 'ft_memcpy', 'void*', 'dest,', 'const', 'void*', 'src,', 'size_t', 'n']
	Delivered: ['void*', 'ft_memcpy', 'void*', 'dst,', 'const', 'void*', 'src,', 'size_t', 'n']
In libft.h:
	Expected: ['void*', 'ft_memmove', 'void*', 'dest,', 'const', 'void*', 'src,', 'size_t', 'n']
	Delivered: ['void*', 'ft_memmove', 'void*', 'dst,', 'const', 'void*', 'src,', 'size_t', 'len']
In libft.h:
	Expected: ['size_t', 'ft_strlcat', 'char*', 'dst,', 'const', 'char*', 'src,', 'size_t', 'size']
	Delivered: ['size_t', 'ft_strlcat', 'char*', 'dst,', 'const', 'char*', 'src,', 'size_t', 'dstsize']
In libft.h:
	Expected: ['char*', 'ft_strnstr', 'const', 'char*', 'big,', 'const', 'char*', 'little,', 'size_t', 'len']
	Delivered: ['char*', 'ft_strnstr', 'const', 'char*', 'haystack,', 'const', 'char*', 'needle,', 'size_t', 'len']
In libft.h:
	Expected: ['int', 'ft_atoi', 'const', 'char*', 'nptr']
	Delivered: ['int', 'ft_atoi', 'const', 'char*', 'str']
In libft.h:
	Expected: ['void*', 'ft_calloc', 'size_t', 'nmemb,', 'size_t', 'size']
	Delivered: ['void*', 'ft_calloc', 'size_t', 'count,', 'size_t', 'size']
In libft.h:
	Expected: ['char*', 'ft_strdup', 'const', 'char*', 's']
	Delivered: ['char*', 'ft_strdup', 'const', 'char*', 's1']
